<?xml version="1.0" encoding="UTF-8"?>
<!-- Generated by org.testng.reporters.JUnitXMLReporter -->
<testsuite hostname="bittechs-imac-3.lan" ignored="0" name="smoke" tests="3" failures="1" timestamp="12 May 2019 17:48:59 GMT" time="0.041" errors="0">
  <testcase name="f" time="0.009" classname="com.bit.test.SomeTest"/>
  <testcase name="f3" time="0.001" classname="com.bit.test.SomeTest"/>
  <testcase name="test2" time="0.002" classname="com.bit.test.IntegrationTest">
    <failure type="java.lang.AssertionError" message="null">
      <![CDATA[java.lang.AssertionError: null
at com.bit.test.IntegrationTest.test2(IntegrationTest.java:26)
... Removed 27 stack frames]]>
    </failure>
  </testcase> <!-- test2 -->
</testsuite> <!-- smoke -->
